2,3,10,11,13,
2,3,12,14,18,
1,3,7,9,12,14,18,
7,9,12,16,18,
0,3,8,9,12,16,18,
1,3,7,9,12,14,18,
7,9,12,16,18,
2,3,8,9,12,16,18,
1,3,7,9,12,14,18,
7,9,12,16,18,
7,9,12,16,18,
0,3,8,9,12,16,18,
0,3,4,6,12,14,18,
2,3,5,6,12,15,18,
0,3,4,6,12,14,18,
1,3,5,6,12,15,18,
2,3,12,14,18,
0,3,4,6,12,14,18,
4,6,12,15,18,
2,3,5,6,12,15,18,
2,3,12,14,18,
2,3,12,14,18,
0,3,4,6,12,14,18,
2,3,5,6,12,15,18,
0,3,4,6,12,14,18,
4,6,12,15,18,
2,3,5,6,12,15,18,
0,3,4,6,12,14,18,
4,6,12,15,18,
4,6,12,15,18,
4,6,12,15,18,
2,3,5,6,12,15,18,
0,3,4,6,12,14,18,
4,6,12,15,18,
4,6,12,15,18,
4,6,12,15,18,
4,6,12,15,18,
4,6,12,15,18,
4,6,12,15,18,
2,3,5,6,12,15,18,
1,3,7,9,12,14,18,
2,3,8,9,12,16,18,
1,3,7,9,12,14,18,
7,9,12,16,18,
0,3,8,9,12,16,18,
2,3,12,14,18,
0,3,4,6,12,14,18,
2,3,5,6,12,15,18,
0,3,4,6,12,14,18,
4,6,12,15,18,
2,3,5,6,12,15,18,
1,3,7,9,12,14,18,
0,3,8,9,12,16,18,
2,3,12,14,18,
2,3,12,14,18,
2,3,12,14,18,
2,3,12,14,18,
0,3,4,6,12,14,18,
2,3,5,6,12,15,18,
0,3,4,6,12,14,18,
4,6,12,15,18,
4,6,12,15,18,
4,6,12,15,18,
4,6,12,15,18,
4,6,12,15,18,
2,3,5,6,12,15,18,
2,3,12,14,18,
0,3,4,6,12,14,18,
1,3,5,6,12,15,18,
0,3,4,6,12,14,18,
1,3,5,6,12,15,18,
0,3,4,6,12,14,18,
4,6,12,15,18,
1,3,5,6,12,15,18,
1,3,7,9,12,14,18,
7,9,12,16,18,
0,3,8,9,12,16,18,
2,3,12,14,18,
1,3,7,9,12,14,18,
7,9,12,16,18,
7,9,12,16,18,
7,9,12,16,18,
7,9,12,16,18,
2,3,8,9,12,16,18,
1,3,7,9,12,14,18,
0,3,8,9,12,16,18,
2,3,12,14,18,
1,3,7,9,12,14,18,
2,3,8,9,12,16,18,
0,3,4,6,12,14,18,
1,3,5,6,12,15,18,
1,3,7,9,12,14,18,
0,3,8,9,12,16,18,
0,3,4,6,12,14,18,
4,6,12,15,18,
4,6,12,15,18,
2,3,5,6,12,15,18,
0,3,4,6,12,14,18,
4,6,12,15,18,
4,6,12,15,18,
2,3,5,6,12,15,18,
2,3,12,14,18,
1,3,7,9,12,14,18,
0,3,8,9,12,16,18,
0,3,4,6,12,14,18,
1,3,5,6,12,15,18,
2,3,12,14,18,
1,3,7,9,12,14,18,
2,3,8,9,12,16,18,
0,3,4,6,12,14,18,
4,6,12,15,18,
4,6,12,15,18,
2,3,5,6,12,15,18,
2,3,12,14,18,
0,3,4,6,12,14,18,
1,3,5,6,12,15,18,
0,3,4,6,12,14,18,
4,6,12,15,18,
4,6,12,15,18,
4,6,12,15,18,
4,6,12,15,18,
1,3,5,6,12,15,18,
1,3,7,9,12,14,18,
0,3,8,9,12,16,18,
0,3,4,6,12,14,18,
2,3,5,6,12,15,18,
1,3,7,9,12,14,18,
0,3,8,9,12,16,18,
1,3,7,9,12,14,18,
7,9,12,16,18,
2,3,8,9,12,16,18,
0,3,4,6,12,14,18,
4,6,12,15,18,
2,3,5,6,12,15,18,
0,3,4,6,12,14,18,
4,6,12,15,18,
4,6,12,15,18,
1,3,5,6,12,15,18,
0,3,4,6,12,14,18,
4,6,12,15,18,
4,6,12,15,18,
1,3,5,6,12,15,18,
0,3,4,6,12,14,18,
1,3,5,6,12,15,18,
0,3,4,6,12,14,18,
1,3,5,6,12,15,18,
0,3,4,6,12,14,18,
4,6,12,15,18,
1,3,5,6,12,15,18,
1,3,7,9,12,14,18,
0,3,8,9,12,16,18,
2,3,12,14,18,
1,3,7,9,12,14,18,
7,9,12,16,18,
2,3,8,9,12,16,18,
0,3,4,6,12,14,18,
1,3,5,6,12,15,18,
0,3,4,6,12,14,18,
1,3,5,6,12,15,18,
1,3,7,9,12,14,18,
2,3,8,9,12,16,18,
0,3,4,6,12,14,18,
2,3,5,6,12,15,18,
0,3,4,6,12,14,18,
4,6,12,15,18,
4,6,12,15,18,
4,6,12,15,18,
1,3,5,6,12,15,18,
0,3,4,6,12,14,18,
1,3,5,6,12,15,18,
1,3,7,9,12,14,18,
0,3,8,9,12,16,18,
1,3,7,9,12,14,18,
7,9,12,16,18,
7,9,12,16,18,
2,3,8,9,12,16,18,
0,3,4,6,12,14,18,
4,6,12,15,18,
4,6,12,15,18,
4,6,12,15,18,
1,3,5,6,12,15,18,
0,3,4,6,12,14,18,
4,6,12,15,18,
4,6,12,15,18,
4,6,12,15,18,
4,6,12,15,18,
4,6,12,15,18,
4,6,12,15,18,
2,3,5,6,12,15,18,
2,3,12,14,18,
0,3,4,6,12,14,18,
4,6,12,15,18,
2,3,5,6,12,15,18,
2,3,12,14,18,
0,3,4,6,12,14,18,
4,6,12,15,18,
4,6,12,15,18,
2,3,5,6,12,15,18,
1,3,7,9,12,14,18,
2,3,8,9,12,16,18,
0,3,4,6,12,14,18,
4,6,12,15,18,
1,3,5,6,12,15,18,
0,3,4,6,12,14,18,
4,6,12,15,18,
4,6,12,15,18,
4,6,12,15,18,
1,3,5,6,12,15,18,
2,3,12,14,18,
0,3,4,6,12,14,18,
2,3,5,6,12,15,18,
1,3,7,9,12,14,18,
7,9,12,16,18,
7,9,12,16,18,
7,9,12,16,18,
7,9,12,16,18,
7,9,12,16,18,
7,9,12,16,18,
7,9,12,16,18,
7,9,12,16,18,
7,9,12,16,18,
2,3,8,9,12,16,18,
0,3,4,6,12,14,18,
4,6,12,15,18,
4,6,12,15,18,
4,6,12,15,18,
4,6,12,15,18,
4,6,12,15,18,
2,3,5,6,12,15,18,
1,3,7,9,12,14,18,
7,9,12,16,18,
7,9,12,16,18,
2,3,8,9,12,16,18,
2,3,12,14,18,
0,3,4,6,12,14,18,
2,3,5,6,12,15,18,
0,3,4,6,12,14,18,
2,3,5,6,12,15,18,
0,3,4,6,12,14,18,
2,3,5,6,12,15,18,
1,3,7,9,12,14,18,
0,3,8,9,12,16,18,
2,3,12,14,18,
1,3,7,9,12,14,18,
0,3,8,9,12,16,18,
1,3,7,9,12,14,18,
2,3,8,9,12,16,18,
2,3,12,14,18,
2,3,12,14,18,
0,3,4,6,12,14,18,
4,6,12,15,18,
4,6,12,15,18,
4,6,12,15,18,
4,6,12,15,18,
4,6,12,15,18,
1,3,5,6,12,15,18,
2,3,12,14,18,
0,3,4,6,12,14,18,
2,3,5,6,12,15,18,
0,3,4,6,12,14,18,
1,3,5,6,12,15,18,
2,3,12,14,18,
2,3,12,14,18,
0,3,4,6,12,14,18,
4,6,12,15,18,
2,3,5,6,12,15,18,
0,3,4,6,12,14,18,
2,3,5,6,12,15,18,
0,3,4,6,12,14,18,
4,6,12,15,18,
1,3,5,6,12,15,18,
0,3,4,6,12,14,18,
4,6,12,15,18,
4,6,12,15,18,
4,6,12,15,18,
4,6,12,15,18,
2,3,5,6,12,15,18,
2,3,12,14,18,
1,3,7,9,12,14,18,
7,9,12,16,18,
0,3,8,9,12,16,18,
0,3,4,6,12,14,18,
2,3,5,6,12,15,18,
1,3,7,9,12,14,18,
7,9,12,16,18,
0,3,8,9,12,16,18,
0,3,4,6,12,14,18,
2,3,5,6,12,15,18,
0,3,4,6,12,14,18,
2,3,5,6,12,15,18,
2,3,12,14,18,
2,3,12,14,18,
2,3,12,14,18,
2,3,12,14,18,
0,3,4,6,12,14,18,
2,3,5,6,12,15,18,
0,3,4,6,12,14,18,
1,3,5,6,12,15,18,
0,3,4,6,12,14,18,
1,3,5,6,12,15,18,
1,3,7,9,12,14,18,
7,9,12,16,18,
7,9,12,16,18,
7,9,12,16,18,
0,3,8,9,12,16,18,
0,3,4,6,12,14,18,
1,3,5,6,12,15,18,
0,3,4,6,12,14,18,
4,6,12,15,18,
2,3,5,6,12,15,18,
0,3,4,6,12,14,18,
2,3,5,6,12,15,18,
2,3,12,14,18,
2,3,11,13,
